[debug] [2021-08-13T17:33:03.230Z] ----------------------------------------------------------------------
[debug] [2021-08-13T17:33:03.232Z] Command:       C:\Program Files\nodejs\node.exe C:\Program Files\nodejs\node_modules\firebase-tools\lib\bin\firebase.js init
[debug] [2021-08-13T17:33:03.233Z] CLI Version:   9.16.3
[debug] [2021-08-13T17:33:03.233Z] Platform:      win32
[debug] [2021-08-13T17:33:03.233Z] Node Version:  v15.0.1
[debug] [2021-08-13T17:33:03.234Z] Time:          Fri Aug 13 2021 23:03:03 GMT+0530 (India Standard Time)
[debug] [2021-08-13T17:33:03.234Z] ----------------------------------------------------------------------
[debug] 
[debug] [2021-08-13T17:33:03.243Z] > command requires scopes: ["email","openid","https://www.googleapis.com/auth/cloudplatformprojects.readonly","https://www.googleapis.com/auth/firebase","https://www.googleapis.com/auth/cloud-platform"]
[debug] [2021-08-13T17:33:03.243Z] > authorizing via signed-in user (kaushaljyoti266@gmail.com)
[info] 
     ######## #### ########  ######## ########     ###     ######  ########
     ##        ##  ##     ## ##       ##     ##  ##   ##  ##       ##
     ######    ##  ########  ######   ########  #########  ######  ######
     ##        ##  ##    ##  ##       ##     ## ##     ##       ## ##
     ##       #### ##     ## ######## ########  ##     ##  ######  ########

You're about to initialize a Firebase project in this directory:

  C:\Users\Digisoft\source\repos\JotiKaushal\Angular-App

[info] 
=== Project Setup
[info] 
[info] First, let's associate this project directory with a Firebase project.
[info] You can create multiple project aliases by running firebase use --add, 
[info] but for now we'll just set up a default project.
[info] 
[info] i  If you want to create a project in a Google Cloud organization or folder, please use "firebase projects:create" instead, and return to this command when you've created the project. 
[debug] [2021-08-13T17:35:22.379Z] > refreshing access token with scopes: ["email","https://www.googleapis.com/auth/cloud-platform","https://www.googleapis.com/auth/cloudplatformprojects.readonly","https://www.googleapis.com/auth/firebase","openid"]
[debug] [2021-08-13T17:35:22.380Z] >>> HTTP REQUEST POST https://www.googleapis.com/oauth2/v3/token  
 <request body omitted>
[debug] [2021-08-13T17:35:22.842Z] <<< HTTP RESPONSE 200 {"expires":"Mon, 01 Jan 1990 00:00:00 GMT","date":"Fri, 13 Aug 2021 17:35:23 GMT","pragma":"no-cache","cache-control":"no-cache, no-store, max-age=0, must-revalidate","content-type":"application/json; charset=utf-8","vary":"X-Origin, Referer, Origin,Accept-Encoding","server":"scaffolding on HTTPServer2","x-xss-protection":"0","x-frame-options":"SAMEORIGIN","x-content-type-options":"nosniff","alt-svc":"h3=\":443\"; ma=2592000,h3-29=\":443\"; ma=2592000,h3-T051=\":443\"; ma=2592000,h3-Q050=\":443\"; ma=2592000,h3-Q046=\":443\"; ma=2592000,h3-Q043=\":443\"; ma=2592000,quic=\":443\"; ma=2592000; v=\"46,43\"","accept-ranges":"none","transfer-encoding":"chunked"}
[debug] [2021-08-13T17:35:22.876Z] >>> HTTP REQUEST POST https://cloudresourcemanager.googleapis.com/v1/projects  
 {"projectId":"recipes-book","name":"angular1"}
[debug] [2021-08-13T17:35:24.707Z] <<< HTTP RESPONSE 409 {"vary":"X-Origin, Referer, Origin,Accept-Encoding","content-type":"application/json; charset=UTF-8","date":"Fri, 13 Aug 2021 17:35:24 GMT","server":"ESF","cache-control":"private","x-xss-protection":"0","x-frame-options":"SAMEORIGIN","x-content-type-options":"nosniff","server-timing":"gfet4t7; dur=1485","alt-svc":"h3=\":443\"; ma=2592000,h3-29=\":443\"; ma=2592000,h3-T051=\":443\"; ma=2592000,h3-Q050=\":443\"; ma=2592000,h3-Q046=\":443\"; ma=2592000,h3-Q043=\":443\"; ma=2592000,quic=\":443\"; ma=2592000; v=\"46,43\"","accept-ranges":"none","transfer-encoding":"chunked"}
[debug] [2021-08-13T17:35:24.707Z] <<< HTTP RESPONSE BODY {"error":{"code":409,"message":"Requested entity already exists","status":"ALREADY_EXISTS"}}
[debug] [2021-08-13T17:35:25.047Z] FirebaseError: HTTP Error: 409, Requested entity already exists
    at module.exports (C:\Users\Digisoft\AppData\Roaming\nvm\v15.0.1\node_modules\firebase-tools\lib\responseToError.js:38:12)
    at Request._callback (C:\Users\Digisoft\AppData\Roaming\nvm\v15.0.1\node_modules\firebase-tools\lib\api.js:41:35)
    at Request.self.callback (C:\Users\Digisoft\AppData\Roaming\nvm\v15.0.1\node_modules\firebase-tools\node_modules\request\request.js:185:22)
    at Request.emit (node:events:327:20)
    at Request.EventEmitter.emit (node:domain:486:12)
    at Request.<anonymous> (C:\Users\Digisoft\AppData\Roaming\nvm\v15.0.1\node_modules\firebase-tools\node_modules\request\request.js:1154:10)
    at Request.emit (node:events:327:20)
    at Request.EventEmitter.emit (node:domain:486:12)
    at IncomingMessage.<anonymous> (C:\Users\Digisoft\AppData\Roaming\nvm\v15.0.1\node_modules\firebase-tools\node_modules\request\request.js:1076:12)
    at Object.onceWrapper (node:events:433:28)
    at IncomingMessage.emit (node:events:339:22)
    at IncomingMessage.EventEmitter.emit (node:domain:486:12)
    at endReadableNT (node:internal/streams/readable:1289:12)
    at processTicksAndRejections (node:internal/process/task_queues:80:21)
[error] 
[error] Error: Failed to create project because there is already a project with ID recipes-book. Please try again with a unique project ID.
[debug] [2021-08-13T17:35:49.267Z] ----------------------------------------------------------------------
[debug] [2021-08-13T17:35:49.271Z] Command:       C:\Program Files\nodejs\node.exe C:\Program Files\nodejs\node_modules\firebase-tools\lib\bin\firebase.js init
[debug] [2021-08-13T17:35:49.271Z] CLI Version:   9.16.3
[debug] [2021-08-13T17:35:49.271Z] Platform:      win32
[debug] [2021-08-13T17:35:49.271Z] Node Version:  v15.0.1
[debug] [2021-08-13T17:35:49.272Z] Time:          Fri Aug 13 2021 23:05:49 GMT+0530 (India Standard Time)
[debug] [2021-08-13T17:35:49.273Z] ----------------------------------------------------------------------
[debug] 
[debug] [2021-08-13T17:35:49.283Z] > command requires scopes: ["email","openid","https://www.googleapis.com/auth/cloudplatformprojects.readonly","https://www.googleapis.com/auth/firebase","https://www.googleapis.com/auth/cloud-platform"]
[debug] [2021-08-13T17:35:49.283Z] > authorizing via signed-in user (kaushaljyoti266@gmail.com)
[info] 
     ######## #### ########  ######## ########     ###     ######  ########
     ##        ##  ##     ## ##       ##     ##  ##   ##  ##       ##
     ######    ##  ########  ######   ########  #########  ######  ######
     ##        ##  ##    ##  ##       ##     ## ##     ##       ## ##
     ##       #### ##     ## ######## ########  ##     ##  ######  ########

You're about to initialize a Firebase project in this directory:

  C:\Users\Digisoft\source\repos\JotiKaushal\Angular-App

[info] 
=== Project Setup
[info] 
[info] First, let's associate this project directory with a Firebase project.
[info] You can create multiple project aliases by running firebase use --add, 
[info] but for now we'll just set up a default project.
[info] 
[info] i  If you want to create a project in a Google Cloud organization or folder, please use "firebase projects:create" instead, and return to this command when you've created the project. 
[debug] [2021-08-13T17:36:16.688Z] >>> HTTP REQUEST POST https://cloudresourcemanager.googleapis.com/v1/projects  
 {"projectId":"my-recipes-book","name":"angular1"}
[debug] [2021-08-13T17:36:18.462Z] <<< HTTP RESPONSE 409 {"vary":"X-Origin, Referer, Origin,Accept-Encoding","content-type":"application/json; charset=UTF-8","date":"Fri, 13 Aug 2021 17:36:18 GMT","server":"ESF","cache-control":"private","x-xss-protection":"0","x-frame-options":"SAMEORIGIN","x-content-type-options":"nosniff","server-timing":"gfet4t7; dur=1479","alt-svc":"h3=\":443\"; ma=2592000,h3-29=\":443\"; ma=2592000,h3-T051=\":443\"; ma=2592000,h3-Q050=\":443\"; ma=2592000,h3-Q046=\":443\"; ma=2592000,h3-Q043=\":443\"; ma=2592000,quic=\":443\"; ma=2592000; v=\"46,43\"","accept-ranges":"none","transfer-encoding":"chunked"}
[debug] [2021-08-13T17:36:18.462Z] <<< HTTP RESPONSE BODY {"error":{"code":409,"message":"Requested entity already exists","status":"ALREADY_EXISTS"}}
[debug] [2021-08-13T17:36:18.847Z] FirebaseError: HTTP Error: 409, Requested entity already exists
    at module.exports (C:\Users\Digisoft\AppData\Roaming\nvm\v15.0.1\node_modules\firebase-tools\lib\responseToError.js:38:12)
    at Request._callback (C:\Users\Digisoft\AppData\Roaming\nvm\v15.0.1\node_modules\firebase-tools\lib\api.js:41:35)
    at Request.self.callback (C:\Users\Digisoft\AppData\Roaming\nvm\v15.0.1\node_modules\firebase-tools\node_modules\request\request.js:185:22)
    at Request.emit (node:events:327:20)
    at Request.EventEmitter.emit (node:domain:486:12)
    at Request.<anonymous> (C:\Users\Digisoft\AppData\Roaming\nvm\v15.0.1\node_modules\firebase-tools\node_modules\request\request.js:1154:10)
    at Request.emit (node:events:327:20)
    at Request.EventEmitter.emit (node:domain:486:12)
    at IncomingMessage.<anonymous> (C:\Users\Digisoft\AppData\Roaming\nvm\v15.0.1\node_modules\firebase-tools\node_modules\request\request.js:1076:12)
    at Object.onceWrapper (node:events:433:28)
    at IncomingMessage.emit (node:events:339:22)
    at IncomingMessage.EventEmitter.emit (node:domain:486:12)
    at endReadableNT (node:internal/streams/readable:1289:12)
    at processTicksAndRejections (node:internal/process/task_queues:80:21)
[error] 
[error] Error: Failed to create project because there is already a project with ID my-recipes-book. Please try again with a unique project ID.
